D:\Projects\YieldsApp\YieldsApp\YieldsApp\ClientApp\dist\out-tsc\e2e\app.po.js
D:\Projects\YieldsApp\YieldsApp\YieldsApp\ClientApp\dist\out-tsc\e2e\app.po.js.map
D:\Projects\YieldsApp\YieldsApp\YieldsApp\ClientApp\dist\out-tsc\e2e\app.e2e-spec.js
D:\Projects\YieldsApp\YieldsApp\YieldsApp\ClientApp\dist\out-tsc\e2e\app.e2e-spec.js.map
D:\Projects\YieldsApp\YieldsApp\YieldsApp\ClientApp\dist\out-tsc\src\app\models\CropModel.js
D:\Projects\YieldsApp\YieldsApp\YieldsApp\ClientApp\dist\out-tsc\src\app\models\CropModel.js.map
D:\Projects\YieldsApp\YieldsApp\YieldsApp\ClientApp\dist\out-tsc\src\app\services\crop.service.js
D:\Projects\YieldsApp\YieldsApp\YieldsApp\ClientApp\dist\out-tsc\src\app\services\crop.service.js.map
D:\Projects\YieldsApp\YieldsApp\YieldsApp\ClientApp\dist\out-tsc\src\app\pages\select-crop\select-crop.component.js
D:\Projects\YieldsApp\YieldsApp\YieldsApp\ClientApp\dist\out-tsc\src\app\pages\select-crop\select-crop.component.js.map
D:\Projects\YieldsApp\YieldsApp\YieldsApp\ClientApp\dist\out-tsc\src\app\pages\login\login.component.js
D:\Projects\YieldsApp\YieldsApp\YieldsApp\ClientApp\dist\out-tsc\src\app\pages\login\login.component.js.map
D:\Projects\YieldsApp\YieldsApp\YieldsApp\ClientApp\dist\out-tsc\src\app\pages\location\location.component.js
D:\Projects\YieldsApp\YieldsApp\YieldsApp\ClientApp\dist\out-tsc\src\app\pages\location\location.component.js.map
D:\Projects\YieldsApp\YieldsApp\YieldsApp\ClientApp\dist\out-tsc\src\app\app-routing.module.js
D:\Projects\YieldsApp\YieldsApp\YieldsApp\ClientApp\dist\out-tsc\src\app\app-routing.module.js.map
D:\Projects\YieldsApp\YieldsApp\YieldsApp\ClientApp\dist\out-tsc\src\app\app.component.js
D:\Projects\YieldsApp\YieldsApp\YieldsApp\ClientApp\dist\out-tsc\src\app\app.component.js.map
D:\Projects\YieldsApp\YieldsApp\YieldsApp\ClientApp\dist\out-tsc\src\app\nav-menu\nav-menu.component.js
D:\Projects\YieldsApp\YieldsApp\YieldsApp\ClientApp\dist\out-tsc\src\app\nav-menu\nav-menu.component.js.map
D:\Projects\YieldsApp\YieldsApp\YieldsApp\ClientApp\dist\out-tsc\src\app\google-places.directive.js
D:\Projects\YieldsApp\YieldsApp\YieldsApp\ClientApp\dist\out-tsc\src\app\google-places.directive.js.map
D:\Projects\YieldsApp\YieldsApp\YieldsApp\ClientApp\dist\out-tsc\src\app\app.module.js
D:\Projects\YieldsApp\YieldsApp\YieldsApp\ClientApp\dist\out-tsc\src\app\app.module.js.map
D:\Projects\YieldsApp\YieldsApp\YieldsApp\ClientApp\dist\out-tsc\src\environments\environment.js
D:\Projects\YieldsApp\YieldsApp\YieldsApp\ClientApp\dist\out-tsc\src\environments\environment.js.map
D:\Projects\YieldsApp\YieldsApp\YieldsApp\ClientApp\dist\out-tsc\src\main.js
D:\Projects\YieldsApp\YieldsApp\YieldsApp\ClientApp\dist\out-tsc\src\main.js.map
D:\Projects\YieldsApp\YieldsApp\YieldsApp\ClientApp\dist\out-tsc\src\polyfills.js
D:\Projects\YieldsApp\YieldsApp\YieldsApp\ClientApp\dist\out-tsc\src\polyfills.js.map
D:\Projects\YieldsApp\YieldsApp\YieldsApp\ClientApp\dist\out-tsc\src\test.js
D:\Projects\YieldsApp\YieldsApp\YieldsApp\ClientApp\dist\out-tsc\src\test.js.map
D:\Projects\YieldsApp\YieldsApp\YieldsApp\ClientApp\dist\out-tsc\src\app\google-places.directive.spec.js
D:\Projects\YieldsApp\YieldsApp\YieldsApp\ClientApp\dist\out-tsc\src\app\google-places.directive.spec.js.map
D:\Projects\YieldsApp\YieldsApp\YieldsApp\ClientApp\dist\out-tsc\src\environments\environment.prod.js
D:\Projects\YieldsApp\YieldsApp\YieldsApp\ClientApp\dist\out-tsc\src\environments\environment.prod.js.map
D:\Projects\YieldsApp\YieldsApp\YieldsApp\ClientApp\dist\out-tsc\src\app\services\crop.service.spec.js
D:\Projects\YieldsApp\YieldsApp\YieldsApp\ClientApp\dist\out-tsc\src\app\services\crop.service.spec.js.map
D:\Projects\YieldsApp\YieldsApp\YieldsApp\ClientApp\dist\out-tsc\src\app\pages\location\location.component.spec.js
D:\Projects\YieldsApp\YieldsApp\YieldsApp\ClientApp\dist\out-tsc\src\app\pages\location\location.component.spec.js.map
D:\Projects\YieldsApp\YieldsApp\YieldsApp\ClientApp\dist\out-tsc\src\app\pages\login\login.component.spec.js
D:\Projects\YieldsApp\YieldsApp\YieldsApp\ClientApp\dist\out-tsc\src\app\pages\login\login.component.spec.js.map
D:\Projects\YieldsApp\YieldsApp\YieldsApp\ClientApp\dist\out-tsc\src\app\pages\select-crop\select-crop.component.spec.js
D:\Projects\YieldsApp\YieldsApp\YieldsApp\ClientApp\dist\out-tsc\src\app\pages\select-crop\select-crop.component.spec.js.map
